#
# There is insufficient memory for the Java Runtime Environment to continue.
# Native memory allocation (malloc) failed to allocate 718576 bytes for Chunk::new
# Possible reasons:
#   The system is out of physical RAM or swap space
#   The process is running with CompressedOops enabled, and the Java Heap may be blocking the growth of the native heap
# Possible solutions:
#   Reduce memory load on the system
#   Increase physical memory or swap space
#   Check if swap backing store is full
#   Decrease Java heap size (-Xmx/-Xms)
#   Decrease number of Java threads
#   Decrease Java thread stack sizes (-Xss)
#   Set larger code cache with -XX:ReservedCodeCacheSize=
#   JVM is running with Zero Based Compressed Oops mode in which the Java heap is
#     placed in the first 32GB address space. The Java Heap base address is the
#     maximum limit for the native heap growth. Please use -XX:HeapBaseMinAddress
#     to set the Java Heap base and to place the Java Heap above 32GB virtual address.
# This output file may be truncated or incomplete.
#
#  Out of Memory Error (arena.cpp:195), pid=8488, tid=17640
#
# JRE version: Java(TM) SE Runtime Environment (16.0.1+9) (build 16.0.1+9-24)
# Java VM: Java HotSpot(TM) 64-Bit Server VM (16.0.1+9-24, mixed mode, sharing, tiered, compressed oops, compressed class ptrs, g1 gc, windows-amd64)
# No core dump will be written. Minidumps are not enabled by default on client versions of Windows
#

---------------  S U M M A R Y ------------

Command Line: -Dfile.encoding=UTF-8 -XX:+ShowCodeDetailsInExceptionMessages kodlamaio.Hrms.HrmsApplication

Host: Intel(R) Core(TM) i5-7200U CPU @ 2.50GHz, 4 cores, 11G,  Windows 10 , 64 bit Build 19041 (10.0.19041.1023)
Time: Tue Aug  3 19:27:55 2021 Türkiye Standart Saati elapsed time: 2279.096234 seconds (0d 0h 37m 59s)

---------------  T H R E A D  ---------------

Current thread (0x0000020f398608a0):  JavaThread "C2 CompilerThread0" daemon [_thread_in_native, id=17640, stack(0x0000008c4cb00000,0x0000008c4cc00000)]


Current CompileTask:
C2:2279096 14245       4       java.lang.StackTraceElement::toString (322 bytes)

Stack: [0x0000008c4cb00000,0x0000008c4cc00000]
Native frames: (J=compiled Java code, j=interpreted, Vv=VM code, C=native code)
V  [jvm.dll+0x6687ca]
V  [jvm.dll+0x7ca3c9]
V  [jvm.dll+0x7cbb53]
V  [jvm.dll+0x7cc1b3]
V  [jvm.dll+0x242ea5]
V  [jvm.dll+0xadeca]
V  [jvm.dll+0xae5ac]
V  [jvm.dll+0x35aed2]
V  [jvm.dll+0x3253d1]
V  [jvm.dll+0x32487a]
V  [jvm.dll+0x215f3c]
V  [jvm.dll+0x215350]
V  [jvm.dll+0x1a1d9b]
V  [jvm.dll+0x2253a8]
V  [jvm.dll+0x2233ec]
V  [jvm.dll+0x780002]
V  [jvm.dll+0x779b4a]
V  [jvm.dll+0x667666]
C  [ucrtbase.dll+0x21bb2]
C  [KERNEL32.DLL+0x17034]
C  [ntdll.dll+0x52651]


---------------  P R O C E S S  ---------------

Threads class SMR info:
_java_thread_list=0x0000020f3d982f20, length=32, elements={
0x0000020f39831040, 0x0000020f39831e10, 0x0000020f398480f0, 0x0000020f39848c00,
0x0000020f3984b520, 0x0000020f39855e50, 0x0000020f398608a0, 0x0000020f398612a0,
0x0000020f39875fe0, 0x0000020f3a4d7360, 0x0000020f3a4d4e30, 0x0000020f3d5a4d40,
0x0000020f3d5a57e0, 0x0000020f3d5a0830, 0x0000020f3d5a02e0, 0x0000020f3d59e850,
0x0000020f3d5a1820, 0x0000020f3d59f2f0, 0x0000020f3d5a32b0, 0x0000020f3d5a0d80,
0x0000020f3d59eda0, 0x0000020f3d59f840, 0x0000020f3d5a3800, 0x0000020f3d5a5290,
0x0000020f3d5a12d0, 0x0000020f3d5a3d50, 0x0000020f3d5a22c0, 0x0000020f3d5a42a0,
0x0000020f3d5a47f0, 0x0000020f3a4d6e10, 0x0000020f3a4d5e20, 0x0000020f3a4d58d0
}

Java Threads: ( => current thread )
  0x0000020f39831040 JavaThread "Reference Handler" daemon [_thread_blocked, id=16780, stack(0x0000008c4c400000,0x0000008c4c500000)]
  0x0000020f39831e10 JavaThread "Finalizer" daemon [_thread_blocked, id=6916, stack(0x0000008c4c500000,0x0000008c4c600000)]
  0x0000020f398480f0 JavaThread "Signal Dispatcher" daemon [_thread_blocked, id=14360, stack(0x0000008c4c700000,0x0000008c4c800000)]
  0x0000020f39848c00 JavaThread "Attach Listener" daemon [_thread_blocked, id=14260, stack(0x0000008c4c800000,0x0000008c4c900000)]
  0x0000020f3984b520 JavaThread "Service Thread" daemon [_thread_blocked, id=12224, stack(0x0000008c4c900000,0x0000008c4ca00000)]
  0x0000020f39855e50 JavaThread "Monitor Deflation Thread" daemon [_thread_blocked, id=13488, stack(0x0000008c4ca00000,0x0000008c4cb00000)]
=>0x0000020f398608a0 JavaThread "C2 CompilerThread0" daemon [_thread_in_native, id=17640, stack(0x0000008c4cb00000,0x0000008c4cc00000)]
  0x0000020f398612a0 JavaThread "C1 CompilerThread0" daemon [_thread_blocked, id=9280, stack(0x0000008c4cc00000,0x0000008c4cd00000)]
  0x0000020f39875fe0 JavaThread "Sweeper thread" daemon [_thread_blocked, id=21364, stack(0x0000008c4cd00000,0x0000008c4ce00000)]
  0x0000020f3a4d7360 JavaThread "Notification Thread" daemon [_thread_blocked, id=14488, stack(0x0000008c4ce00000,0x0000008c4cf00000)]
  0x0000020f3a4d4e30 JavaThread "Common-Cleaner" daemon [_thread_blocked, id=4588, stack(0x0000008c4d000000,0x0000008c4d100000)]
  0x0000020f3d5a4d40 JavaThread "Catalina-utility-1" [_thread_blocked, id=16092, stack(0x0000008c4d800000,0x0000008c4d900000)]
  0x0000020f3d5a57e0 JavaThread "Catalina-utility-2" [_thread_blocked, id=11136, stack(0x0000008c4d900000,0x0000008c4da00000)]
  0x0000020f3d5a0830 JavaThread "container-0" [_thread_blocked, id=11700, stack(0x0000008c4da00000,0x0000008c4db00000)]
  0x0000020f3d5a02e0 JavaThread "HikariPool-1 housekeeper" daemon [_thread_blocked, id=3104, stack(0x0000008c4dd00000,0x0000008c4de00000)]
  0x0000020f3d59e850 JavaThread "Live Reload Server" daemon [_thread_in_native, id=20636, stack(0x0000008c4e000000,0x0000008c4e100000)]
  0x0000020f3d5a1820 JavaThread "File Watcher" daemon [_thread_blocked, id=19324, stack(0x0000008c4df00000,0x0000008c4e000000)]
  0x0000020f3d59f2f0 JavaThread "http-nio-8080-BlockPoller" daemon [_thread_in_native, id=15088, stack(0x0000008c4e100000,0x0000008c4e200000)]
  0x0000020f3d5a32b0 JavaThread "http-nio-8080-exec-1" daemon [_thread_blocked, id=2468, stack(0x0000008c4e200000,0x0000008c4e300000)]
  0x0000020f3d5a0d80 JavaThread "http-nio-8080-exec-2" daemon [_thread_blocked, id=21444, stack(0x0000008c4e300000,0x0000008c4e400000)]
  0x0000020f3d59eda0 JavaThread "http-nio-8080-exec-3" daemon [_thread_blocked, id=10844, stack(0x0000008c4e400000,0x0000008c4e500000)]
  0x0000020f3d59f840 JavaThread "http-nio-8080-exec-4" daemon [_thread_blocked, id=16156, stack(0x0000008c4e500000,0x0000008c4e600000)]
  0x0000020f3d5a3800 JavaThread "http-nio-8080-exec-5" daemon [_thread_blocked, id=3064, stack(0x0000008c4e600000,0x0000008c4e700000)]
  0x0000020f3d5a5290 JavaThread "http-nio-8080-exec-6" daemon [_thread_blocked, id=7544, stack(0x0000008c4e700000,0x0000008c4e800000)]
  0x0000020f3d5a12d0 JavaThread "http-nio-8080-exec-7" daemon [_thread_blocked, id=8840, stack(0x0000008c4e800000,0x0000008c4e900000)]
  0x0000020f3d5a3d50 JavaThread "http-nio-8080-exec-8" daemon [_thread_blocked, id=12456, stack(0x0000008c4e900000,0x0000008c4ea00000)]
  0x0000020f3d5a22c0 JavaThread "http-nio-8080-exec-9" daemon [_thread_blocked, id=10924, stack(0x0000008c4ea00000,0x0000008c4eb00000)]
  0x0000020f3d5a42a0 JavaThread "http-nio-8080-exec-10" daemon [_thread_blocked, id=15264, stack(0x0000008c4eb00000,0x0000008c4ec00000)]
  0x0000020f3d5a47f0 JavaThread "http-nio-8080-ClientPoller" daemon [_thread_in_native, id=17148, stack(0x0000008c4ec00000,0x0000008c4ed00000)]
  0x0000020f3a4d6e10 JavaThread "http-nio-8080-Acceptor" daemon [_thread_in_native, id=8680, stack(0x0000008c4ed00000,0x0000008c4ee00000)]
  0x0000020f3a4d5e20 JavaThread "DestroyJavaVM" [_thread_blocked, id=21112, stack(0x0000008c4bd00000,0x0000008c4be00000)]
  0x0000020f3a4d58d0 JavaThread "PostgreSQL-JDBC-SharedTimer-2" daemon [_thread_blocked, id=13432, stack(0x0000008c4bb00000,0x0000008c4bc00000)]

Other Threads:
  0x0000020f19bce5f0 VMThread "VM Thread" [stack: 0x0000008c4c300000,0x0000008c4c400000] [id=17140]
  0x0000020f3a4db6d0 WatcherThread [stack: 0x0000008c4cf00000,0x0000008c4d000000] [id=3120]
  0x0000020f19b40c10 GCTaskThread "GC Thread#0" [stack: 0x0000008c4be00000,0x0000008c4bf00000] [id=11412]
  0x0000020f3b11c0d0 GCTaskThread "GC Thread#1" [stack: 0x0000008c4d200000,0x0000008c4d300000] [id=3596]
  0x0000020f3b11c3e0 GCTaskThread "GC Thread#2" [stack: 0x0000008c4d300000,0x0000008c4d400000] [id=12036]
  0x0000020f3affe4d0 GCTaskThread "GC Thread#3" [stack: 0x0000008c4d400000,0x0000008c4d500000] [id=2176]
  0x0000020f19b4f150 ConcurrentGCThread "G1 Main Marker" [stack: 0x0000008c4bf00000,0x0000008c4c000000] [id=8064]
  0x0000020f19b4fad0 ConcurrentGCThread "G1 Conc#0" [stack: 0x0000008c4c000000,0x0000008c4c100000] [id=13028]
  0x0000020f19bb4940 ConcurrentGCThread "G1 Refine#0" [stack: 0x0000008c4c100000,0x0000008c4c200000] [id=12024]
  0x0000020f3affe7e0 ConcurrentGCThread "G1 Refine#1" [stack: 0x0000008c4d500000,0x0000008c4d600000] [id=4676]
  0x0000020f19bb52d0 ConcurrentGCThread "G1 Service" [stack: 0x0000008c4c200000,0x0000008c4c300000] [id=10700]

Threads with active compile tasks:
C2 CompilerThread0  2279278 14245       4       java.lang.StackTraceElement::toString (322 bytes)

VM state: not at safepoint (normal execution)

VM Mutex/Monitor currently owned by a thread: None

Heap address: 0x0000000741c00000, size: 3044 MB, Compressed Oops mode: Zero based, Oop shift amount: 3

CDS archive(s) mapped at: [0x0000000800000000-0x0000000800bb0000-0x0000000800bb0000), size 12255232, SharedBaseAddress: 0x0000000800000000, ArchiveRelocationMode: 0.
Compressed class space mapped at: 0x0000000800c00000-0x0000000840c00000, reserved size: 1073741824
Narrow klass base: 0x0000000800000000, Narrow klass shift: 3, Narrow klass range: 0x100000000

GC Precious Log:
 CPUs: 4 total, 4 available
 Memory: 12172M
 Large Page Support: Disabled
 NUMA Support: Disabled
 Compressed Oops: Enabled (Zero based)
 Heap Region Size: 2M
 Heap Min Capacity: 8M
 Heap Initial Capacity: 192M
 Heap Max Capacity: 3044M
 Pre-touch: Disabled
 Parallel Workers: 4
 Concurrent Workers: 1
 Concurrent Refinement Workers: 4
 Periodic GC: Disabled

Heap:
 garbage-first heap   total 98304K, used 63923K [0x0000000741c00000, 0x0000000800000000)
  region size 2048K, 15 young (30720K), 1 survivors (2048K)
 Metaspace       used 71523K, committed 72064K, reserved 1114112K
  class space    used 8836K, committed 9088K, reserved 1048576K

Heap Regions: E=young(eden), S=young(survivor), O=old, HS=humongous(starts), HC=humongous(continues), CS=collection set, F=free, OA=open archive, CA=closed archive, TAMS=top-at-mark-start (previous, next)
|   0|0x0000000741c00000, 0x0000000741e00000, 0x0000000741e00000|100%| O|  |TAMS 0x0000000741e00000, 0x0000000741c00000| Untracked 
|   1|0x0000000741e00000, 0x0000000742000000, 0x0000000742000000|100%| O|  |TAMS 0x0000000742000000, 0x0000000741e00000| Untracked 
|   2|0x0000000742000000, 0x0000000742200000, 0x0000000742200000|100%| O|  |TAMS 0x0000000742200000, 0x0000000742000000| Untracked 
|   3|0x0000000742200000, 0x0000000742277200, 0x0000000742400000| 23%| O|  |TAMS 0x0000000742277200, 0x0000000742200000| Untracked 
|   4|0x0000000742400000, 0x0000000742600000, 0x0000000742600000|100%| O|  |TAMS 0x0000000742600000, 0x0000000742400000| Untracked 
|   5|0x0000000742600000, 0x0000000742800000, 0x0000000742800000|100%| O|  |TAMS 0x0000000742800000, 0x0000000742600000| Untracked 
|   6|0x0000000742800000, 0x0000000742a00000, 0x0000000742a00000|100%| O|  |TAMS 0x0000000742a00000, 0x0000000742800000| Untracked 
|   7|0x0000000742a00000, 0x0000000742c00000, 0x0000000742c00000|100%| O|  |TAMS 0x0000000742c00000, 0x0000000742a00000| Untracked 
|   8|0x0000000742c00000, 0x0000000742e00000, 0x0000000742e00000|100%| O|  |TAMS 0x0000000742e00000, 0x0000000742c00000| Untracked 
|   9|0x0000000742e00000, 0x0000000742f93a00, 0x0000000743000000| 78%| O|  |TAMS 0x0000000742f93a00, 0x0000000742e00000| Untracked 
|  10|0x0000000743000000, 0x0000000743200000, 0x0000000743200000|100%| O|  |TAMS 0x0000000743200000, 0x0000000743000000| Untracked 
|  11|0x0000000743200000, 0x0000000743400000, 0x0000000743400000|100%| O|  |TAMS 0x0000000743400000, 0x0000000743200000| Untracked 
|  12|0x0000000743400000, 0x0000000743600000, 0x0000000743600000|100%| O|  |TAMS 0x0000000743600000, 0x0000000743400000| Untracked 
|  13|0x0000000743600000, 0x0000000743800000, 0x0000000743800000|100%| O|  |TAMS 0x0000000743800000, 0x0000000743600000| Untracked 
|  14|0x0000000743800000, 0x0000000743a00000, 0x0000000743a00000|100%| O|  |TAMS 0x0000000743873600, 0x0000000743800000| Untracked 
|  15|0x0000000743a00000, 0x0000000743c00000, 0x0000000743c00000|100%| O|  |TAMS 0x0000000743a00000, 0x0000000743a00000| Untracked 
|  16|0x0000000743c00000, 0x0000000743e00000, 0x0000000743e00000|100%| O|  |TAMS 0x0000000743c00000, 0x0000000743c00000| Untracked 
|  17|0x0000000743e00000, 0x0000000744000000, 0x0000000744000000|100%| O|  |TAMS 0x0000000743e00000, 0x0000000743e00000| Untracked 
|  18|0x0000000744000000, 0x0000000744200000, 0x0000000744200000|100%| O|  |TAMS 0x0000000744000000, 0x0000000744000000| Untracked 
|  19|0x0000000744200000, 0x0000000744400000, 0x0000000744400000|100%| O|  |TAMS 0x0000000744200000, 0x0000000744200000| Untracked 
|  20|0x0000000744400000, 0x000000074444b000, 0x0000000744600000| 14%| O|  |TAMS 0x0000000744400000, 0x0000000744400000| Untracked 
|  21|0x0000000744600000, 0x0000000744600000, 0x0000000744800000|  0%| F|  |TAMS 0x0000000744600000, 0x0000000744600000| Untracked 
|  22|0x0000000744800000, 0x0000000744800000, 0x0000000744a00000|  0%| F|  |TAMS 0x0000000744800000, 0x0000000744800000| Untracked 
|  23|0x0000000744a00000, 0x0000000744a00000, 0x0000000744c00000|  0%| F|  |TAMS 0x0000000744a00000, 0x0000000744a00000| Untracked 
|  24|0x0000000744c00000, 0x0000000744c00000, 0x0000000744e00000|  0%| F|  |TAMS 0x0000000744c00000, 0x0000000744c00000| Untracked 
|  25|0x0000000744e00000, 0x0000000744e00000, 0x0000000745000000|  0%| F|  |TAMS 0x0000000744e00000, 0x0000000744e00000| Untracked 
|  26|0x0000000745000000, 0x0000000745017390, 0x0000000745200000|  4%| S|CS|TAMS 0x0000000745000000, 0x0000000745000000| Complete 
|  27|0x0000000745200000, 0x0000000745200000, 0x0000000745400000|  0%| F|  |TAMS 0x0000000745200000, 0x0000000745200000| Untracked 
|  28|0x0000000745400000, 0x0000000745400000, 0x0000000745600000|  0%| F|  |TAMS 0x0000000745400000, 0x0000000745400000| Untracked 
|  29|0x0000000745600000, 0x0000000745600000, 0x0000000745800000|  0%| F|  |TAMS 0x0000000745600000, 0x0000000745600000| Untracked 
|  30|0x0000000745800000, 0x0000000745800000, 0x0000000745a00000|  0%| F|  |TAMS 0x0000000745800000, 0x0000000745800000| Untracked 
|  31|0x0000000745a00000, 0x0000000745a00000, 0x0000000745c00000|  0%| F|  |TAMS 0x0000000745a00000, 0x0000000745a00000| Untracked 
|  32|0x0000000745c00000, 0x0000000745c00000, 0x0000000745e00000|  0%| F|  |TAMS 0x0000000745c00000, 0x0000000745c00000| Untracked 
|  33|0x0000000745e00000, 0x0000000745e00000, 0x0000000746000000|  0%| F|  |TAMS 0x0000000745e00000, 0x0000000745e00000| Untracked 
|  34|0x0000000746000000, 0x00000007461b4730, 0x0000000746200000| 85%| E|  |TAMS 0x0000000746000000, 0x0000000746000000| Complete 
|  35|0x0000000746200000, 0x00000007463ffd50, 0x0000000746400000| 99%| E|  |TAMS 0x0000000746200000, 0x0000000746200000| Complete 
|  36|0x0000000746400000, 0x0000000746600000, 0x0000000746600000|100%| E|CS|TAMS 0x0000000746400000, 0x0000000746400000| Complete 
|  37|0x0000000746600000, 0x0000000746800000, 0x0000000746800000|100%| E|CS|TAMS 0x0000000746600000, 0x0000000746600000| Complete 
|  38|0x0000000746800000, 0x0000000746a00000, 0x0000000746a00000|100%| E|CS|TAMS 0x0000000746800000, 0x0000000746800000| Complete 
|  39|0x0000000746a00000, 0x0000000746c00000, 0x0000000746c00000|100%| E|CS|TAMS 0x0000000746a00000, 0x0000000746a00000| Complete 
|  40|0x0000000746c00000, 0x0000000746e00000, 0x0000000746e00000|100%| E|CS|TAMS 0x0000000746c00000, 0x0000000746c00000| Complete 
|  41|0x0000000746e00000, 0x0000000747000000, 0x0000000747000000|100%| E|CS|TAMS 0x0000000746e00000, 0x0000000746e00000| Complete 
|  42|0x0000000747000000, 0x0000000747200000, 0x0000000747200000|100%| E|CS|TAMS 0x0000000747000000, 0x0000000747000000| Complete 
|  43|0x0000000747200000, 0x0000000747400000, 0x0000000747400000|100%| E|CS|TAMS 0x0000000747200000, 0x0000000747200000| Complete 
|  44|0x0000000747400000, 0x0000000747600000, 0x0000000747600000|100%| E|CS|TAMS 0x0000000747400000, 0x0000000747400000| Complete 
|  45|0x0000000747600000, 0x0000000747800000, 0x0000000747800000|100%| E|CS|TAMS 0x0000000747600000, 0x0000000747600000| Complete 
|  54|0x0000000748800000, 0x0000000748a00000, 0x0000000748a00000|100%| E|CS|TAMS 0x0000000748800000, 0x0000000748800000| Complete 
|  95|0x000000074da00000, 0x000000074dc00000, 0x000000074dc00000|100%| E|CS|TAMS 0x000000074da00000, 0x000000074da00000| Complete 

Card table byte_map: [0x0000020f30870000,0x0000020f30e70000] _byte_map_base: 0x0000020f2ce62000

Marking Bits (Prev, Next): (CMBitMap*) 0x0000020f19b421e0, (CMBitMap*) 0x0000020f19b421a0
 Prev Bits: [0x0000020f34400000, 0x0000020f37390000)
 Next Bits: [0x0000020f31470000, 0x0000020f34400000)

Polling page: 0x0000020f17c80000

Metaspace:

Usage:
  Non-class:     61.22 MB used.
      Class:      8.63 MB used.
       Both:     69.85 MB used.

Virtual space:
  Non-class space:       64.00 MB reserved,      61.50 MB ( 96%) committed,  8 nodes.
      Class space:        1.00 GB reserved,       8.88 MB ( <1%) committed,  1 nodes.
              Both:        1.06 GB reserved,      70.38 MB (  6%) committed. 

Chunk freelists:
   Non-Class:  2.11 MB
       Class:  3.14 MB
        Both:  5.25 MB

MaxMetaspaceSize: 17179869184.00 GB
CompressedClassSpaceSize: 1.00 GB
 - commit_granule_bytes: 65536.
 - commit_granule_words: 8192.
 - virtual_space_node_default_size: 1048576.
 - enlarge_chunks_in_place: 1.
 - new_chunks_are_fully_committed: 0.
 - uncommit_free_chunks: 1.
 - use_allocation_guard: 0.
 - handle_deallocations: 1.


Internal statistics:

num_allocs_failed_limit: 9.
num_arena_births: 812.
num_arena_deaths: 0.
num_vsnodes_births: 9.
num_vsnodes_deaths: 0.
num_space_committed: 1126.
num_space_uncommitted: 0.
num_chunks_returned_to_freelist: 9.
num_chunks_taken_from_freelist: 3613.
num_chunk_merges: 6.
num_chunk_splits: 2446.
num_chunks_enlarged: 1745.
num_purges: 0.

CodeHeap 'non-profiled nmethods': size=120000Kb used=11607Kb max_used=11607Kb free=108392Kb
 bounds [0x0000020f28d40000, 0x0000020f298a0000, 0x0000020f30270000]
CodeHeap 'profiled nmethods': size=120000Kb used=19120Kb max_used=24060Kb free=100879Kb
 bounds [0x0000020f21810000, 0x0000020f22fa0000, 0x0000020f28d40000]
CodeHeap 'non-nmethods': size=5760Kb used=1344Kb max_used=1477Kb free=4415Kb
 bounds [0x0000020f21270000, 0x0000020f214e0000, 0x0000020f21810000]
 total_blobs=12081 nmethods=11416 adapters=576
 compilation: enabled
              stopped_count=0, restarted_count=0
 full_count=0

Compilation events (20 events):
Event: 2279.014 Thread 0x0000020f398612a0 14262       3       java.lang.AbstractStringBuilder::append (55 bytes)
Event: 2279.014 Thread 0x0000020f398612a0 nmethod 14262 0x0000020f21ef6210 code [0x0000020f21ef6400, 0x0000020f21ef6738]
Event: 2279.014 Thread 0x0000020f398612a0 14259   !   3       ch.qos.logback.classic.spi.PackagingDataCalculator::bestEffortLoadClass (63 bytes)
Event: 2279.015 Thread 0x0000020f398612a0 nmethod 14259 0x0000020f21dc8b90 code [0x0000020f21dc8e80, 0x0000020f21dca258]
Event: 2279.015 Thread 0x0000020f398612a0 14260       3       java.lang.AbstractStringBuilder::inflate (42 bytes)
Event: 2279.016 Thread 0x0000020f398612a0 nmethod 14260 0x0000020f22831d90 code [0x0000020f22831f60, 0x0000020f22832298]
Event: 2279.016 Thread 0x0000020f398612a0 14261       3       java.lang.StringUTF16::putCharSB (12 bytes)
Event: 2279.016 Thread 0x0000020f398612a0 nmethod 14261 0x0000020f21bc1c10 code [0x0000020f21bc1dc0, 0x0000020f21bc1fc8]
Event: 2279.016 Thread 0x0000020f398612a0 14264       3       ch.qos.logback.classic.pattern.ThrowableProxyConverter::isIgnoredStackTraceLine (51 bytes)
Event: 2279.016 Thread 0x0000020f398612a0 nmethod 14264 0x0000020f21c4d110 code [0x0000020f21c4d320, 0x0000020f21c4da58]
Event: 2279.016 Thread 0x0000020f398612a0 14265       3       ch.qos.logback.classic.pattern.ThrowableProxyConverter::printStackLine (23 bytes)
Event: 2279.017 Thread 0x0000020f398612a0 nmethod 14265 0x0000020f21ba2e90 code [0x0000020f21ba30c0, 0x0000020f21ba3778]
Event: 2279.017 Thread 0x0000020f398612a0 14258       3       org.apache.tomcat.util.http.RequestUtil::normalize (299 bytes)
Event: 2279.021 Thread 0x0000020f398612a0 nmethod 14258 0x0000020f2233e090 code [0x0000020f2233e740, 0x0000020f223416e8]
Event: 2279.050 Thread 0x0000020f398612a0 14267       3       java.io.PrintWriter::write (11 bytes)
Event: 2279.050 Thread 0x0000020f398612a0 nmethod 14267 0x0000020f2285d010 code [0x0000020f2285d1e0, 0x0000020f2285d4c8]
Event: 2279.050 Thread 0x0000020f398612a0 14268   !   3       java.io.PrintWriter::write (58 bytes)
Event: 2279.051 Thread 0x0000020f398612a0 nmethod 14268 0x0000020f222be810 code [0x0000020f222bea20, 0x0000020f222bf028]
Event: 2279.051 Thread 0x0000020f398612a0 14269       3       java.lang.AbstractStringBuilder::append (63 bytes)
Event: 2279.052 Thread 0x0000020f398612a0 nmethod 14269 0x0000020f228ccf10 code [0x0000020f228cd100, 0x0000020f228cd688]

GC Heap History (20 events):
Event: 2252.336 GC heap before
{Heap before GC invocations=127 (full 0):
 garbage-first heap   total 98304K, used 80265K [0x0000000741c00000, 0x0000000800000000)
  region size 2048K, 21 young (43008K), 1 survivors (2048K)
 Metaspace       used 71370K, committed 71936K, reserved 1114112K
  class space    used 8816K, committed 9088K, reserved 1048576K
}
Event: 2252.337 GC heap after
{Heap after GC invocations=128 (full 0):
 garbage-first heap   total 98304K, used 39280K [0x0000000741c00000, 0x0000000800000000)
  region size 2048K, 1 young (2048K), 1 survivors (2048K)
 Metaspace       used 71370K, committed 71936K, reserved 1114112K
  class space    used 8816K, committed 9088K, reserved 1048576K
}
Event: 2254.993 GC heap before
{Heap before GC invocations=128 (full 0):
 garbage-first heap   total 98304K, used 80240K [0x0000000741c00000, 0x0000000800000000)
  region size 2048K, 21 young (43008K), 1 survivors (2048K)
 Metaspace       used 71370K, committed 71936K, reserved 1114112K
  class space    used 8816K, committed 9088K, reserved 1048576K
}
Event: 2254.993 GC heap after
{Heap after GC invocations=129 (full 0):
 garbage-first heap   total 98304K, used 39318K [0x0000000741c00000, 0x0000000800000000)
  region size 2048K, 1 young (2048K), 1 survivors (2048K)
 Metaspace       used 71370K, committed 71936K, reserved 1114112K
  class space    used 8816K, committed 9088K, reserved 1048576K
}
Event: 2257.663 GC heap before
{Heap before GC invocations=129 (full 0):
 garbage-first heap   total 98304K, used 80278K [0x0000000741c00000, 0x0000000800000000)
  region size 2048K, 21 young (43008K), 1 survivors (2048K)
 Metaspace       used 71370K, committed 71936K, reserved 1114112K
  class space    used 8816K, committed 9088K, reserved 1048576K
}
Event: 2257.664 GC heap after
{Heap after GC invocations=130 (full 0):
 garbage-first heap   total 98304K, used 39330K [0x0000000741c00000, 0x0000000800000000)
  region size 2048K, 1 young (2048K), 1 survivors (2048K)
 Metaspace       used 71370K, committed 71936K, reserved 1114112K
  class space    used 8816K, committed 9088K, reserved 1048576K
}
Event: 2260.641 GC heap before
{Heap before GC invocations=130 (full 0):
 garbage-first heap   total 98304K, used 80290K [0x0000000741c00000, 0x0000000800000000)
  region size 2048K, 21 young (43008K), 1 survivors (2048K)
 Metaspace       used 71370K, committed 71936K, reserved 1114112K
  class space    used 8816K, committed 9088K, reserved 1048576K
}
Event: 2260.642 GC heap after
{Heap after GC invocations=131 (full 0):
 garbage-first heap   total 98304K, used 39291K [0x0000000741c00000, 0x0000000800000000)
  region size 2048K, 1 young (2048K), 1 survivors (2048K)
 Metaspace       used 71370K, committed 71936K, reserved 1114112K
  class space    used 8816K, committed 9088K, reserved 1048576K
}
Event: 2263.081 GC heap before
{Heap before GC invocations=131 (full 0):
 garbage-first heap   total 98304K, used 80251K [0x0000000741c00000, 0x0000000800000000)
  region size 2048K, 21 young (43008K), 1 survivors (2048K)
 Metaspace       used 71370K, committed 71936K, reserved 1114112K
  class space    used 8816K, committed 9088K, reserved 1048576K
}
Event: 2263.082 GC heap after
{Heap after GC invocations=132 (full 0):
 garbage-first heap   total 98304K, used 39301K [0x0000000741c00000, 0x0000000800000000)
  region size 2048K, 1 young (2048K), 1 survivors (2048K)
 Metaspace       used 71370K, committed 71936K, reserved 1114112K
  class space    used 8816K, committed 9088K, reserved 1048576K
}
Event: 2266.084 GC heap before
{Heap before GC invocations=132 (full 0):
 garbage-first heap   total 98304K, used 80261K [0x0000000741c00000, 0x0000000800000000)
  region size 2048K, 21 young (43008K), 1 survivors (2048K)
 Metaspace       used 71370K, committed 71936K, reserved 1114112K
  class space    used 8816K, committed 9088K, reserved 1048576K
}
Event: 2266.085 GC heap after
{Heap after GC invocations=133 (full 0):
 garbage-first heap   total 98304K, used 39332K [0x0000000741c00000, 0x0000000800000000)
  region size 2048K, 1 young (2048K), 1 survivors (2048K)
 Metaspace       used 71370K, committed 71936K, reserved 1114112K
  class space    used 8816K, committed 9088K, reserved 1048576K
}
Event: 2268.822 GC heap before
{Heap before GC invocations=133 (full 0):
 garbage-first heap   total 98304K, used 80292K [0x0000000741c00000, 0x0000000800000000)
  region size 2048K, 21 young (43008K), 1 survivors (2048K)
 Metaspace       used 71370K, committed 71936K, reserved 1114112K
  class space    used 8816K, committed 9088K, reserved 1048576K
}
Event: 2268.823 GC heap after
{Heap after GC invocations=134 (full 0):
 garbage-first heap   total 98304K, used 39297K [0x0000000741c00000, 0x0000000800000000)
  region size 2048K, 1 young (2048K), 1 survivors (2048K)
 Metaspace       used 71370K, committed 71936K, reserved 1114112K
  class space    used 8816K, committed 9088K, reserved 1048576K
}
Event: 2271.212 GC heap before
{Heap before GC invocations=134 (full 0):
 garbage-first heap   total 98304K, used 80257K [0x0000000741c00000, 0x0000000800000000)
  region size 2048K, 21 young (43008K), 1 survivors (2048K)
 Metaspace       used 71370K, committed 71936K, reserved 1114112K
  class space    used 8816K, committed 9088K, reserved 1048576K
}
Event: 2271.213 GC heap after
{Heap after GC invocations=135 (full 0):
 garbage-first heap   total 98304K, used 39308K [0x0000000741c00000, 0x0000000800000000)
  region size 2048K, 1 young (2048K), 1 survivors (2048K)
 Metaspace       used 71370K, committed 71936K, reserved 1114112K
  class space    used 8816K, committed 9088K, reserved 1048576K
}
Event: 2274.068 GC heap before
{Heap before GC invocations=135 (full 0):
 garbage-first heap   total 98304K, used 80268K [0x0000000741c00000, 0x0000000800000000)
  region size 2048K, 21 young (43008K), 1 survivors (2048K)
 Metaspace       used 71370K, committed 71936K, reserved 1114112K
  class space    used 8816K, committed 9088K, reserved 1048576K
}
Event: 2274.069 GC heap after
{Heap after GC invocations=136 (full 0):
 garbage-first heap   total 98304K, used 39305K [0x0000000741c00000, 0x0000000800000000)
  region size 2048K, 1 young (2048K), 1 survivors (2048K)
 Metaspace       used 71370K, committed 71936K, reserved 1114112K
  class space    used 8816K, committed 9088K, reserved 1048576K
}
Event: 2277.125 GC heap before
{Heap before GC invocations=136 (full 0):
 garbage-first heap   total 98304K, used 80265K [0x0000000741c00000, 0x0000000800000000)
  region size 2048K, 21 young (43008K), 1 survivors (2048K)
 Metaspace       used 71370K, committed 71936K, reserved 1114112K
  class space    used 8816K, committed 9088K, reserved 1048576K
}
Event: 2277.125 GC heap after
{Heap after GC invocations=137 (full 0):
 garbage-first heap   total 98304K, used 39347K [0x0000000741c00000, 0x0000000800000000)
  region size 2048K, 1 young (2048K), 1 survivors (2048K)
 Metaspace       used 71370K, committed 71936K, reserved 1114112K
  class space    used 8816K, committed 9088K, reserved 1048576K
}

Deoptimization events (20 events):
Event: 2279.053 Thread 0x0000020f3d5a12d0 Uncommon trap: trap_request=0xffffffde fr.pc=0x0000020f2982ded0 relative=0x0000000000000130
Event: 2279.053 Thread 0x0000020f3d5a12d0 Uncommon trap: reason=class_check action=maybe_recompile pc=0x0000020f2982ded0 method=com.fasterxml.jackson.databind.ser.impl.ReadOnlyClassToSerializerMap$Bucket.matchesTyped(Lcom/fasterxml/jackson/databind/JavaType;)Z @ 12 c2
Event: 2279.053 Thread 0x0000020f3d5a12d0 DEOPT PACKING pc=0x0000020f2982ded0 sp=0x0000008c4e8fd1f0
Event: 2279.053 Thread 0x0000020f3d5a12d0 DEOPT UNPACKING pc=0x0000020f212bd72e sp=0x0000008c4e8fd0d0 mode 2
Event: 2279.053 Thread 0x0000020f3d5a12d0 Uncommon trap: trap_request=0xffffffde fr.pc=0x0000020f293f35b0 relative=0x0000000000000890
Event: 2279.053 Thread 0x0000020f3d5a12d0 Uncommon trap: reason=class_check action=maybe_recompile pc=0x0000020f293f35b0 method=com.fasterxml.jackson.databind.ser.DefaultSerializerProvider._serialize(Lcom/fasterxml/jackson/core/JsonGenerator;Ljava/lang/Object;Lcom/fasterxml/jackson/databind/JsonS
Event: 2279.053 Thread 0x0000020f3d5a12d0 DEOPT PACKING pc=0x0000020f293f35b0 sp=0x0000008c4e8fd2d0
Event: 2279.053 Thread 0x0000020f3d5a12d0 DEOPT UNPACKING pc=0x0000020f212bd72e sp=0x0000008c4e8fd128 mode 2
Event: 2279.054 Thread 0x0000020f3d5a12d0 Uncommon trap: trap_request=0xffffff45 fr.pc=0x0000020f296181a0 relative=0x0000000000000100
Event: 2279.054 Thread 0x0000020f3d5a12d0 Uncommon trap: reason=unstable_if action=reinterpret pc=0x0000020f296181a0 method=org.apache.coyote.http11.Http11Processor.statusDropsConnection(I)Z @ 39 c2
Event: 2279.054 Thread 0x0000020f3d5a12d0 DEOPT PACKING pc=0x0000020f296181a0 sp=0x0000008c4e8fc7f0
Event: 2279.054 Thread 0x0000020f3d5a12d0 DEOPT UNPACKING pc=0x0000020f212bd72e sp=0x0000008c4e8fc788 mode 2
Event: 2279.054 Thread 0x0000020f3d5a12d0 Uncommon trap: trap_request=0xffffff45 fr.pc=0x0000020f297dc884 relative=0x00000000000017e4
Event: 2279.054 Thread 0x0000020f3d5a12d0 Uncommon trap: reason=unstable_if action=reinterpret pc=0x0000020f297dc884 method=org.apache.catalina.connector.OutputBuffer.close()V @ 4 c2
Event: 2279.054 Thread 0x0000020f3d5a12d0 DEOPT PACKING pc=0x0000020f297dc884 sp=0x0000008c4e8fe960
Event: 2279.054 Thread 0x0000020f3d5a12d0 DEOPT UNPACKING pc=0x0000020f212bd72e sp=0x0000008c4e8fe818 mode 2
Event: 2279.054 Thread 0x0000020f3d5a12d0 Uncommon trap: trap_request=0xffffff45 fr.pc=0x0000020f298016b0 relative=0x0000000000001af0
Event: 2279.054 Thread 0x0000020f3d5a12d0 Uncommon trap: reason=unstable_if action=reinterpret pc=0x0000020f298016b0 method=org.apache.coyote.RequestInfo.updateCounters()V @ 58 c2
Event: 2279.054 Thread 0x0000020f3d5a12d0 DEOPT PACKING pc=0x0000020f298016b0 sp=0x0000008c4e8fea00
Event: 2279.054 Thread 0x0000020f3d5a12d0 DEOPT UNPACKING pc=0x0000020f212bd72e sp=0x0000008c4e8fe8b0 mode 2

Classes unloaded (0 events):
No events

Classes redefined (0 events):
No events

Internal exceptions (20 events):
Event: 10.546 Thread 0x0000020f3a4d5e20 Exception <a 'java/lang/ClassNotFoundException'{0x0000000745e38968}: org/springframework/beans/factory/AwareCustomizer> (0x0000000745e38968) 
thrown [t:\workspace\open\src\hotspot\share\classfile\systemDictionary.cpp, line 256]
Event: 10.940 Thread 0x0000020f3a4d5e20 Exception <a 'java/lang/NoSuchMethodError'{0x000000074da225a0}: 'java.lang.Object java.lang.invoke.DirectMethodHandle$Holder.invokeInterface(java.lang.Object, java.lang.Object, java.lang.Object, java.lang.Object)'> (0x000000074da225a0) 
thrown [t:\workspace\open\src\hotspot\share\interpreter\linkResolver.cpp, line 790]
Event: 11.121 Thread 0x0000020f3a4d5e20 Exception <a 'java/lang/NoSuchMethodError'{0x0000000747724000}: 'void java.lang.invoke.DirectMethodHandle$Holder.invokeVirtual(java.lang.Object, java.lang.Object, int)'> (0x0000000747724000) 
thrown [t:\workspace\open\src\hotspot\share\interpreter\linkResolver.cpp, line 790]
Event: 11.125 Thread 0x0000020f3a4d5e20 Exception <a 'java/lang/NoSuchMethodError'{0x000000074773f318}: 'void java.lang.invoke.DirectMethodHandle$Holder.invokeVirtual(java.lang.Object, java.lang.Object, long)'> (0x000000074773f318) 
thrown [t:\workspace\open\src\hotspot\share\interpreter\linkResolver.cpp, line 790]
Event: 11.234 Thread 0x0000020f3a4d5e20 Exception <a 'java/lang/IncompatibleClassChangeError'{0x00000007472b2ec8}: Found class java.lang.Object, but interface was expected> (0x00000007472b2ec8) 
thrown [t:\workspace\open\src\hotspot\share\interpreter\linkResolver.cpp, line 857]
Event: 11.281 Thread 0x0000020f3a4d5e20 Exception <a 'java/lang/NoSuchMethodError'{0x00000007470288e8}: 'int java.lang.invoke.DirectMethodHandle$Holder.invokeStaticInit(java.lang.Object, java.lang.Object, java.lang.Object, java.lang.Object)'> (0x00000007470288e8) 
thrown [t:\workspace\open\src\hotspot\share\interpreter\linkResolver.cpp, line 790]
Event: 11.548 Thread 0x0000020f3a4d5e20 Exception <a 'java/lang/NoSuchMethodError'{0x00000007466c28b8}: 'java.lang.Object java.lang.invoke.DirectMethodHandle$Holder.invokeSpecial(java.lang.Object, java.lang.Object, int, java.lang.Object, int, java.lang.Object)'> (0x00000007466c28b8) 
thrown [t:\workspace\open\src\hotspot\share\interpreter\linkResolver.cpp, line 790]
Event: 11.548 Thread 0x0000020f3a4d5e20 Exception <a 'java/lang/NoSuchMethodError'{0x00000007466caf20}: 'java.lang.Object java.lang.invoke.DirectMethodHandle$Holder.newInvokeSpecial(java.lang.Object, java.lang.Object, int, java.lang.Object, int)'> (0x00000007466caf20) 
thrown [t:\workspace\open\src\hotspot\share\interpreter\linkResolver.cpp, line 790]
Event: 11.549 Thread 0x0000020f3a4d5e20 Exception <a 'java/lang/NoSuchMethodError'{0x00000007466cf130}: 'java.lang.Object java.lang.invoke.DirectMethodHandle$Holder.invokeSpecial(java.lang.Object, java.lang.Object, java.lang.Object, int, java.lang.Object, int)'> (0x00000007466cf130) 
thrown [t:\workspace\open\src\hotspot\share\interpreter\linkResolver.cpp, line 790]
Event: 11.550 Thread 0x0000020f3a4d5e20 Exception <a 'java/lang/NoSuchMethodError'{0x00000007466d9548}: 'void java.lang.invoke.DirectMethodHandle$Holder.invokeVirtual(java.lang.Object, java.lang.Object)'> (0x00000007466d9548) 
thrown [t:\workspace\open\src\hotspot\share\interpreter\linkResolver.cpp, line 790]
Event: 19.234 Thread 0x0000020f3d5a32b0 Exception <a 'java/lang/ClassNotFoundException'{0x00000007461fcc88}: java/lang/ObjectCustomizer> (0x00000007461fcc88) 
thrown [t:\workspace\open\src\hotspot\share\classfile\systemDictionary.cpp, line 256]
Event: 19.237 Thread 0x0000020f3d5a32b0 Exception <a 'java/lang/ClassNotFoundException'{0x0000000745e09e80}: kodlamaio/Hrms/entities/concretes/CandidateJobApplicationCustomizer> (0x0000000745e09e80) 
thrown [t:\workspace\open\src\hotspot\share\classfile\systemDictionary.cpp, line 256]
Event: 38.708 Thread 0x0000020f3d5a3800 Exception <a 'java/lang/NoSuchMethodError'{0x00000007458e31e0}: 'java.lang.Object java.lang.invoke.DirectMethodHandle$Holder.invokeStaticInit(java.lang.Object, java.lang.Object, java.lang.Object, java.lang.Object, java.lang.Object, java.lang.Object)'> (0x00000007458e31e0) 
thrown [t:\workspace\open\src\hotspot\share\interpreter\linkResolver.cpp, line 790]
Event: 1998.030 Thread 0x0000020f3d5a32b0 Implicit null exception at 0x0000020f290952c0 to 0x0000020f2909c37c
Event: 1998.396 Thread 0x0000020f3d5a42a0 Implicit null exception at 0x0000020f292db264 to 0x0000020f292e2478
Event: 2004.245 Thread 0x0000020f3d5a3d50 Implicit null exception at 0x0000020f2942cb4a to 0x0000020f2942ce18
Event: 2013.928 Thread 0x0000020f3d5a3800 Implicit null exception at 0x0000020f29616c52 to 0x0000020f29616ee0
Event: 2013.929 Thread 0x0000020f3d5a3800 Implicit null exception at 0x0000020f29615c92 to 0x0000020f29615e00
Event: 2013.929 Thread 0x0000020f3d5a22c0 Implicit null exception at 0x0000020f29616692 to 0x0000020f29616764
Event: 2278.985 Thread 0x0000020f3d5a12d0 Exception <a 'java/lang/NoClassDefFoundError'{0x000000074658e768}: sun/reflect/Reflection> (0x000000074658e768) 
thrown [t:\workspace\open\src\hotspot\share\classfile\systemDictionary.cpp, line 245]

Events (20 events):
Event: 2279.013 loading class jdk/internal/reflect/GeneratedMethodAccessor162 done
Event: 2279.013 loading class jdk/internal/reflect/GeneratedMethodAccessor162
Event: 2279.013 loading class jdk/internal/reflect/GeneratedMethodAccessor162 done
Event: 2279.014 loading class jdk/internal/reflect/GeneratedMethodAccessor162
Event: 2279.014 loading class jdk/internal/reflect/GeneratedMethodAccessor162 done
Event: 2279.024 Executing  VM operation: HandshakeAllThreads
Event: 2279.025 Executing  VM operation: HandshakeAllThreads done
Event: 2279.025 Executing  VM operation: Cleanup
Event: 2279.030 Executing  VM operation: Cleanup done
Event: 2279.046 Thread 0x0000020f39875fe0 flushing nmethod 0x0000020f228f7f10
Event: 2279.048 Thread 0x0000020f39875fe0 flushing nmethod 0x0000020f22bf5f10
Event: 2279.048 Thread 0x0000020f39875fe0 flushing nmethod 0x0000020f22c14510
Event: 2279.048 Thread 0x0000020f39875fe0 flushing nmethod 0x0000020f22c51d90
Event: 2279.048 Thread 0x0000020f39875fe0 flushing nmethod 0x0000020f22c65190
Event: 2279.048 Thread 0x0000020f39875fe0 flushing nmethod 0x0000020f22ca8190
Event: 2279.049 Thread 0x0000020f39875fe0 flushing nmethod 0x0000020f22cd6f10
Event: 2279.049 Thread 0x0000020f39875fe0 flushing nmethod 0x0000020f22d51310
Event: 2279.049 Thread 0x0000020f39875fe0 flushing nmethod 0x0000020f22deed90
Event: 2279.050 Thread 0x0000020f39875fe0 flushing nmethod 0x0000020f22e9d490
Event: 2279.050 Thread 0x0000020f39875fe0 flushing nmethod 0x0000020f22f6d190


Dynamic libraries:
0x00007ff7b2280000 - 0x00007ff7b2290000 	C:\Program Files\Java\jdk-16.0.1\bin\javaw.exe
0x00007ffb6dd50000 - 0x00007ffb6df45000 	C:\WINDOWS\SYSTEM32\ntdll.dll
0x00007ffb6be40000 - 0x00007ffb6befd000 	C:\WINDOWS\System32\KERNEL32.DLL
0x00007ffb6b840000 - 0x00007ffb6bb09000 	C:\WINDOWS\System32\KERNELBASE.dll
0x00007ffb6b490000 - 0x00007ffb6b590000 	C:\WINDOWS\System32\ucrtbase.dll
0x00007ffb63d50000 - 0x00007ffb63d68000 	C:\Program Files\Java\jdk-16.0.1\bin\jli.dll
0x00007ffb6cb80000 - 0x00007ffb6cc2c000 	C:\WINDOWS\System32\ADVAPI32.dll
0x00007ffb6dc70000 - 0x00007ffb6dd0e000 	C:\WINDOWS\System32\msvcrt.dll
0x00007ffb6c1c0000 - 0x00007ffb6c25b000 	C:\WINDOWS\System32\sechost.dll
0x00007ffb6c550000 - 0x00007ffb6c67a000 	C:\WINDOWS\System32\RPCRT4.dll
0x00007ffb6cde0000 - 0x00007ffb6cf80000 	C:\WINDOWS\System32\USER32.dll
0x00007ffb6bd90000 - 0x00007ffb6bdb2000 	C:\WINDOWS\System32\win32u.dll
0x00007ffb6cc30000 - 0x00007ffb6cc5a000 	C:\WINDOWS\System32\GDI32.dll
0x00007ffb6b630000 - 0x00007ffb6b73b000 	C:\WINDOWS\System32\gdi32full.dll
0x00007ffb6b590000 - 0x00007ffb6b62d000 	C:\WINDOWS\System32\msvcp_win.dll
0x00007ffb63d70000 - 0x00007ffb63d89000 	C:\Program Files\Java\jdk-16.0.1\bin\VCRUNTIME140.dll
0x00007ffb56c40000 - 0x00007ffb56eda000 	C:\WINDOWS\WinSxS\amd64_microsoft.windows.common-controls_6595b64144ccf1df_6.0.19041.1110_none_60b5254171f9507e\COMCTL32.dll
0x00007ffb5a6b0000 - 0x00007ffb5a6ba000 	C:\WINDOWS\SYSTEM32\VERSION.dll
0x00007ffb6cdb0000 - 0x00007ffb6cde0000 	C:\WINDOWS\System32\IMM32.DLL
0x00007ffb639a0000 - 0x00007ffb639ac000 	C:\Program Files\Java\jdk-16.0.1\bin\vcruntime140_1.dll
0x00007ffb256d0000 - 0x00007ffb25761000 	C:\Program Files\Java\jdk-16.0.1\bin\msvcp140.dll
0x00007ffb1a360000 - 0x00007ffb1af0b000 	C:\Program Files\Java\jdk-16.0.1\bin\server\jvm.dll
0x00007ffb6c410000 - 0x00007ffb6c418000 	C:\WINDOWS\System32\PSAPI.DLL
0x00007ffb55670000 - 0x00007ffb55679000 	C:\WINDOWS\SYSTEM32\WSOCK32.dll
0x00007ffb6dba0000 - 0x00007ffb6dc0b000 	C:\WINDOWS\System32\WS2_32.dll
0x00007ffb570a0000 - 0x00007ffb570c7000 	C:\WINDOWS\SYSTEM32\WINMM.dll
0x00007ffb6a030000 - 0x00007ffb6a042000 	C:\WINDOWS\SYSTEM32\kernel.appcore.dll
0x00007ffb63520000 - 0x00007ffb6352a000 	C:\Program Files\Java\jdk-16.0.1\bin\jimage.dll
0x00007ffb69a60000 - 0x00007ffb69c44000 	C:\WINDOWS\SYSTEM32\DBGHELP.DLL
0x00007ffb45c80000 - 0x00007ffb45cac000 	C:\WINDOWS\SYSTEM32\dbgcore.DLL
0x00007ffb6bb10000 - 0x00007ffb6bb93000 	C:\WINDOWS\System32\bcryptPrimitives.dll
0x00007ffb31bf0000 - 0x00007ffb31c15000 	C:\Program Files\Java\jdk-16.0.1\bin\java.dll
0x00007ffb6d3f0000 - 0x00007ffb6db2f000 	C:\WINDOWS\System32\SHELL32.dll
0x00007ffb691f0000 - 0x00007ffb69981000 	C:\WINDOWS\SYSTEM32\windows.storage.dll
0x00007ffb6cf80000 - 0x00007ffb6d2d5000 	C:\WINDOWS\System32\combase.dll
0x00007ffb6ae30000 - 0x00007ffb6ae5c000 	C:\WINDOWS\SYSTEM32\Wldp.dll
0x00007ffb6d2e0000 - 0x00007ffb6d38e000 	C:\WINDOWS\System32\SHCORE.dll
0x00007ffb6db40000 - 0x00007ffb6db95000 	C:\WINDOWS\System32\shlwapi.dll
0x00007ffb6b3d0000 - 0x00007ffb6b3ef000 	C:\WINDOWS\SYSTEM32\profapi.dll
0x00007ffb579e0000 - 0x00007ffb579f9000 	C:\Program Files\Java\jdk-16.0.1\bin\net.dll
0x00007ffb58c80000 - 0x00007ffb58d8a000 	C:\WINDOWS\SYSTEM32\WINHTTP.dll
0x00007ffb6ab90000 - 0x00007ffb6abfa000 	C:\WINDOWS\system32\mswsock.dll
0x00007ffb3a060000 - 0x00007ffb3a073000 	C:\Program Files\Java\jdk-16.0.1\bin\nio.dll
0x00007ffb57ad0000 - 0x00007ffb57ae8000 	C:\Program Files\Java\jdk-16.0.1\bin\zip.dll
0x00007ffb61a00000 - 0x00007ffb61a10000 	C:\Program Files\Java\jdk-16.0.1\bin\verify.dll
0x00007ffb66d00000 - 0x00007ffb66d09000 	C:\Program Files\Java\jdk-16.0.1\bin\management.dll
0x00007ffb66cf0000 - 0x00007ffb66cfb000 	C:\Program Files\Java\jdk-16.0.1\bin\management_ext.dll
0x00007ffb66cb0000 - 0x00007ffb66cc7000 	C:\WINDOWS\system32\napinsp.dll
0x00007ffb66c90000 - 0x00007ffb66cab000 	C:\WINDOWS\system32\pnrpnsp.dll
0x00007ffb65850000 - 0x00007ffb65865000 	C:\WINDOWS\system32\wshbth.dll
0x00007ffb67340000 - 0x00007ffb6735d000 	C:\WINDOWS\system32\NLAapi.dll
0x00007ffb6a880000 - 0x00007ffb6a8bb000 	C:\WINDOWS\SYSTEM32\IPHLPAPI.DLL
0x00007ffb6a8c0000 - 0x00007ffb6a98c000 	C:\WINDOWS\SYSTEM32\DNSAPI.dll
0x00007ffb6db30000 - 0x00007ffb6db38000 	C:\WINDOWS\System32\NSI.dll
0x00007ffb647b0000 - 0x00007ffb647c2000 	C:\WINDOWS\System32\winrnr.dll
0x00007ffb58400000 - 0x00007ffb5840a000 	C:\Windows\System32\rasadhlp.dll
0x00007ffb57f60000 - 0x00007ffb57fdf000 	C:\WINDOWS\System32\fwpuclnt.dll
0x00007ffb6bd60000 - 0x00007ffb6bd87000 	C:\WINDOWS\System32\bcrypt.dll
0x00007ffb6ad70000 - 0x00007ffb6ad88000 	C:\WINDOWS\SYSTEM32\CRYPTSP.dll
0x00007ffb6a530000 - 0x00007ffb6a564000 	C:\WINDOWS\system32\rsaenh.dll
0x00007ffb6b390000 - 0x00007ffb6b3be000 	C:\WINDOWS\SYSTEM32\USERENV.dll
0x00007ffb6ad90000 - 0x00007ffb6ad9c000 	C:\WINDOWS\SYSTEM32\CRYPTBASE.dll
0x00007ffb59840000 - 0x00007ffb59857000 	C:\WINDOWS\SYSTEM32\dhcpcsvc6.DLL
0x00007ffb59820000 - 0x00007ffb5983d000 	C:\WINDOWS\SYSTEM32\dhcpcsvc.DLL
0x00007ffb639c0000 - 0x00007ffb639ce000 	C:\Program Files\Java\jdk-16.0.1\bin\sunmscapi.dll
0x00007ffb6bc00000 - 0x00007ffb6bd5f000 	C:\WINDOWS\System32\CRYPT32.dll
0x00007ffb6aea0000 - 0x00007ffb6aec7000 	C:\WINDOWS\SYSTEM32\ncrypt.dll
0x00007ffb6ae60000 - 0x00007ffb6ae9b000 	C:\WINDOWS\SYSTEM32\NTASN1.dll
0x00007ffb68750000 - 0x00007ffb68757000 	C:\WINDOWS\system32\wshunix.dll

dbghelp: loaded successfully - version: 4.0.5 - missing functions: none
symbol engine: initialized successfully - sym options: 0x614 - pdb path: .;C:\Program Files\Java\jdk-16.0.1\bin;C:\WINDOWS\SYSTEM32;C:\WINDOWS\WinSxS\amd64_microsoft.windows.common-controls_6595b64144ccf1df_6.0.19041.1110_none_60b5254171f9507e;C:\Program Files\Java\jdk-16.0.1\bin\server

VM Arguments:
jvm_args: -Dfile.encoding=UTF-8 -XX:+ShowCodeDetailsInExceptionMessages 
java_command: kodlamaio.Hrms.HrmsApplication
java_class_path (initial): C:\Users\asus\git\repository6\Hrms\target\classes;C:\dc\activation.jar;C:\dc\axis-1.4.jar;C:\dc\axis-ant.jar;C:\dc\commons-discovery-0.2.jar;C:\dc\commons-logging-1.2.jar;C:\dc\javax.mail.jar;C:\dc\javax.wsdl_1.6.2.v201012040545.jar;C:\dc\jaxrpc.jar;C:\dc\saaj.jar;C:\Users\asus\.m2\repository\org\springframework\boot\spring-boot-starter-data-jpa\2.4.5\spring-boot-starter-data-jpa-2.4.5.jar;C:\Users\asus\.m2\repository\org\springframework\boot\spring-boot-starter-aop\2.4.5\spring-boot-starter-aop-2.4.5.jar;C:\Users\asus\.m2\repository\org\springframework\spring-aop\5.3.6\spring-aop-5.3.6.jar;C:\Users\asus\.m2\repository\org\aspectj\aspectjweaver\1.9.6\aspectjweaver-1.9.6.jar;C:\Users\asus\.m2\repository\org\springframework\boot\spring-boot-starter-jdbc\2.4.5\spring-boot-starter-jdbc-2.4.5.jar;C:\Users\asus\.m2\repository\com\zaxxer\HikariCP\3.4.5\HikariCP-3.4.5.jar;C:\Users\asus\.m2\repository\org\springframework\spring-jdbc\5.3.6\spring-jdbc-5.3.6.jar;C:\Users\asus\.m2\repository\jakarta\transaction\jakarta.transaction-api\1.3.3\jakarta.transaction-api-1.3.3.jar;C:\Users\asus\.m2\repository\jakarta\persistence\jakarta.persistence-api\2.2.3\jakarta.persistence-api-2.2.3.jar;C:\Users\asus\.m2\repository\org\hibernate\hibernate-core\5.4.30.Final\hibernate-core-5.4.30.Final.jar;C:\Users\asus\.m2\repository\org\javassist\javassist\3.27.0-GA\javassist-3.27.0-GA.jar;C:\Users\asus\.m2\repository\net\bytebuddy\byte-buddy\1.10.22\byte-buddy-1.10.22.jar;C:\Users\asus\.m2\repository\antlr\antlr\2.7.7\antlr-2.7.7.jar;C:\Users\asus\.m2\repository\org\jboss\jandex\2.2.3.Final\jandex-2.2.3.Final.jar;C:\Users\asus\.m2\repository\org\dom4j\dom4j\2.1.3\dom4j-2.1.3.jar;C:\Users\asus\.m2\repository\org\hibernate\common\hibernate-commons-annotations\5.1.2.Final\hibernate-commons-annotations-5.1.2.Final.jar;C:\Users\asus\.m2\repository\org\glassfish\jaxb\jaxb-runtime\2.3.4\jaxb-runtime-2.3.4.jar;C:\Users\asus\.m2\repository\org\glassfish\jaxb\txw2\2.3.4\txw2-2
Launcher Type: SUN_STANDARD

[Global flags]
     intx CICompilerCount                          = 3                                         {product} {ergonomic}
     uint ConcGCThreads                            = 1                                         {product} {ergonomic}
     uint G1ConcRefinementThreads                  = 4                                         {product} {ergonomic}
   size_t G1HeapRegionSize                         = 2097152                                   {product} {ergonomic}
    uintx GCDrainStackTargetSize                   = 64                                        {product} {ergonomic}
   size_t InitialHeapSize                          = 201326592                                 {product} {ergonomic}
   size_t MarkStackSize                            = 4194304                                   {product} {ergonomic}
   size_t MaxHeapSize                              = 3191865344                                {product} {ergonomic}
   size_t MaxNewSize                               = 1914699776                                {product} {ergonomic}
   size_t MinHeapDeltaBytes                        = 2097152                                   {product} {ergonomic}
   size_t MinHeapSize                              = 8388608                                   {product} {ergonomic}
    uintx NonNMethodCodeHeapSize                   = 5832780                                {pd product} {ergonomic}
    uintx NonProfiledCodeHeapSize                  = 122912730                              {pd product} {ergonomic}
    uintx ProfiledCodeHeapSize                     = 122912730                              {pd product} {ergonomic}
    uintx ReservedCodeCacheSize                    = 251658240                              {pd product} {ergonomic}
     bool SegmentedCodeCache                       = true                                      {product} {ergonomic}
     bool ShowCodeDetailsInExceptionMessages       = true                                   {manageable} {command line}
   size_t SoftMaxHeapSize                          = 3191865344                             {manageable} {ergonomic}
     bool UseCompressedClassPointers               = true                           {product lp64_product} {ergonomic}
     bool UseCompressedOops                        = true                           {product lp64_product} {ergonomic}
     bool UseG1GC                                  = true                                      {product} {ergonomic}
     bool UseLargePagesIndividualAllocation        = false                                  {pd product} {ergonomic}

Logging:
Log output configuration:
 #0: stdout all=warning uptime,level,tags
 #1: stderr all=off uptime,level,tags

Environment Variables:
PATH=C:\Program Files\Common Files\Oracle\Java\javapath;C:\Program Files\Microsoft MPI\Bin\;C:\Program Files (x86)\Intel\iCLS Client\;C:\Program Files\Intel\iCLS Client\;C:\Windows\system32;C:\Windows;C:\Windows\System32\Wbem;C:\Windows\System32\WindowsPowerShell\v1.0\;C:\Program Files (x86)\NVIDIA Corporation\PhysX\Common;C:\Program Files (x86)\Intel\Intel(R) Management Engine Components\DAL;C:\Program Files\Intel\Intel(R) Management Engine Components\DAL;C:\Program Files (x86)\Intel\Intel(R) Management Engine Components\IPT;C:\Program Files\Intel\Intel(R) Management Engine Components\IPT;C:\WINDOWS\system32;C:\WINDOWS;C:\WINDOWS\System32\Wbem;C:\WINDOWS\System32\WindowsPowerShell\v1.0\;C:\WINDOWS\System32\OpenSSH\;C:\Program Files\dotnet\;C:\Program Files (x86)\Microsoft SQL Server\140\Tools\Binn\;C:\Program Files\Microsoft SQL Server\140\Tools\Binn\;C:\Program Files\Microsoft SQL Server\140\DTS\Binn\;C:\Program Files\Microsoft SQL Server\Client SDK\ODBC\130\Tools\Binn\;C:\Program Files (x86)\Microsoft SQL Server\110\Tools\Binn\;C:\Program Files\Microsoft SQL Server\110\Tools\Binn\;C:\Program Files\Microsoft SQL Server\110\DTS\Binn\;C:\Program Files\Microsoft SQL Server\130\Tools\Binn\;C:\Program Files (x86)\Microsoft SQL Server\150\DTS\Binn\;C:\Program Files\Azure Data Studio\bin;C:\Program Files\nodejs\;C:\Program Files\Git\cmd;C:\Program Files\Notepad++;C:\Users\asus\AppData\Local\Programs\Python\Python39\Scripts\;C:\Users\asus\AppData\Local\Programs\Python\Python39\;C:\Users\asus\AppData\Local\Microsoft\WindowsApps;C:\Program Files\JetBrains\IntelliJ IDEA Community Edition 2020.2.3\bin;;C:\Program Files\Azure Data Studio\bin;C:\Users\asus\AppData\Local\Programs\Microsoft VS Code\bin;C:\Users\asus\AppData\Roaming\npm;C:\Users\asus\AppData\Local\GitHubDesktop\bin
USERNAME=asus
OS=Windows_NT
PROCESSOR_IDENTIFIER=Intel64 Family 6 Model 142 Stepping 9, GenuineIntel



---------------  S Y S T E M  ---------------

OS:
 Windows 10 , 64 bit Build 19041 (10.0.19041.1023)
OS uptime: 5 days 19:50 hours

CPU: total 4 (initial active 4) (2 cores per cpu, 2 threads per core) family 6 model 142 stepping 9 microcode 0xb4, cx8, cmov, fxsr, ht, mmx, 3dnowpref, sse, sse2, sse3, ssse3, sse4.1, sse4.2, popcnt, lzcnt, tsc, tscinvbit, avx, avx2, aes, erms, clmul, bmi1, bmi2, adx, fma, vzeroupper, clflush, clflushopt

Memory: 4k page, system-wide physical 12172M (2794M free)
TotalPageFile size 49036M (AvailPageFile size 0M)
current process WorkingSet (physical memory assigned to process): 295M, peak: 340M
current process commit charge ("private bytes"): 331M, peak: 377M

vm_info: Java HotSpot(TM) 64-Bit Server VM (16.0.1+9-24) for windows-amd64 JRE (16.0.1+9-24), built on Mar 26 2021 19:31:42 by "mach5one" with MS VC++ 16.7 (VS2019)

END.
